2025-09-17 20:58:43,729 - __main__ - INFO - Starting Twitter data collection and processing workflow
2025-09-17 20:58:43,730 - scripts.data_collector - INFO - Authentication successful (OAuth1.0a and OAuth2.0 initialized)
2025-09-17 20:58:43,731 - __main__ - INFO - Collecting raw data for technology (count=200)
2025-09-17 20:58:43,731 - scripts.data_collector - INFO - Starting data collection for topic: technology
2025-09-17 20:58:44,012 - scripts.data_collector - ERROR - Error collecting tweets for query '#AI OR #MachineLearning OR #TechNews': 400 Bad Request
The `tweet.fields` query parameter value [Ellipsis] is not one of [article,attachments,author_id,card_uri,community_id,context_annotations,conversation_id,created_at,display_text_range,edit_controls,edit_history_tweet_ids,entities,geo,id,in_reply_to_user_id,lang,media_metadata,non_public_metrics,note_tweet,organic_metrics,possibly_sensitive,promoted_metrics,public_metrics,referenced_tweets,reply_settings,scopes,source,suggested_source_links,text,withheld]
2025-09-17 20:58:44,218 - tweepy.client - WARNING - Rate limit exceeded. Sleeping for 900 seconds.
2025-09-17 21:07:08,241 - __main__ - INFO - Starting Twitter data collection and processing workflow
2025-09-17 21:07:08,241 - scripts.data_collector - INFO - Authentication successful (OAuth1.0a and OAuth2.0 initialized)
2025-09-17 21:07:08,242 - __main__ - INFO - Collecting raw data for technology (count=200)
2025-09-17 21:07:08,242 - scripts.data_collector - INFO - Starting data collection for topic: technology
2025-09-17 21:07:08,511 - tweepy.client - WARNING - Rate limit exceeded. Sleeping for 396 seconds.
2025-09-17 21:13:10,973 - __main__ - INFO - Starting Twitter data collection and processing workflow
2025-09-17 21:13:10,974 - scripts.data_collector - INFO - Authentication successful (OAuth1.0a and OAuth2.0 initialized)
2025-09-17 21:13:10,974 - __main__ - INFO - Collecting raw data for technology (count=200)
2025-09-17 21:13:10,974 - scripts.data_collector - INFO - Starting data collection for topic: technology
2025-09-17 21:13:11,253 - tweepy.client - WARNING - Rate limit exceeded. Sleeping for 33 seconds.
2025-09-17 21:13:36,443 - __main__ - INFO - Starting Twitter data collection and processing workflow
2025-09-17 21:13:36,444 - scripts.data_collector - INFO - Authentication successful (OAuth1.0a and OAuth2.0 initialized)
2025-09-17 21:13:36,444 - __main__ - INFO - Collecting raw data for technology (count=200)
2025-09-17 21:13:36,444 - scripts.data_collector - INFO - Starting data collection for topic: technology
2025-09-17 21:13:36,703 - tweepy.client - WARNING - Rate limit exceeded. Sleeping for 8 seconds.
2025-09-17 21:13:45,481 - tweepy.client - WARNING - Rate limit exceeded. Sleeping for 900 seconds.
2025-09-17 21:16:38,070 - __main__ - INFO - Starting Twitter data collection and processing workflow
2025-09-17 21:16:38,071 - scripts.data_collector - INFO - Authentication successful (OAuth1.0a and OAuth2.0 initialized)
2025-09-17 21:16:38,072 - __main__ - INFO - Collecting raw data for technology (count=200)
2025-09-17 21:16:38,072 - scripts.data_collector - INFO - Starting data collection for topic: technology
2025-09-17 21:16:38,342 - tweepy.client - WARNING - Rate limit exceeded. Sleeping for 727 seconds.
2025-09-17 21:28:23,257 - __main__ - INFO - Starting Twitter data collection and processing workflow
2025-09-17 21:28:23,258 - scripts.data_collector - INFO - Authentication successful (OAuth1.0a and OAuth2.0 initialized)
2025-09-17 21:28:23,258 - __main__ - INFO - Collecting raw data for technology (count=200)
2025-09-17 21:28:23,258 - scripts.data_collector - INFO - Starting data collection for topic: technology
2025-09-17 21:28:23,258 - tweepy.client - WARNING - Unexpected parameter: wait_on_rate_limit
2025-09-17 21:28:23,515 - scripts.data_collector - WARNING - Rate limit hit for 'technology' on query '#AI OR #MachineLearning OR #TechNews'. Skipping remaining queries.
2025-09-17 21:28:23,521 - scripts.data_collector - INFO - No tweets collected for topic: technology
2025-09-17 21:28:23,521 - __main__ - WARNING - No tweets collected for technology
2025-09-17 21:28:23,521 - __main__ - INFO - Collecting raw data for stock_market (count=150)
2025-09-17 21:28:23,521 - scripts.data_collector - INFO - Starting data collection for topic: stock_market
2025-09-17 21:28:23,521 - tweepy.client - WARNING - Unexpected parameter: wait_on_rate_limit
2025-09-17 21:28:23,729 - scripts.data_collector - WARNING - Rate limit hit for 'stock_market' on query '#StockMarket OR #Trading OR #Investing'. Skipping remaining queries.
2025-09-17 21:28:23,730 - scripts.data_collector - INFO - No tweets collected for topic: stock_market
2025-09-17 21:28:23,730 - __main__ - WARNING - No tweets collected for stock_market
2025-09-17 21:28:23,730 - __main__ - INFO - Collecting raw data for sports (count=250)
2025-09-17 21:28:23,730 - scripts.data_collector - INFO - Starting data collection for topic: sports
2025-09-17 21:28:23,730 - tweepy.client - WARNING - Unexpected parameter: wait_on_rate_limit
2025-09-17 21:28:23,938 - scripts.data_collector - WARNING - Rate limit hit for 'sports' on query '#Sports OR #Football OR #Basketball'. Skipping remaining queries.
2025-09-17 21:28:23,939 - scripts.data_collector - INFO - No tweets collected for topic: sports
2025-09-17 21:28:23,939 - __main__ - WARNING - No tweets collected for sports
2025-09-17 21:28:23,939 - __main__ - INFO - Pipeline complete
2025-09-17 21:37:53,368 - __main__ - INFO - Starting Twitter data collection and processing workflow
2025-09-17 21:37:53,369 - scripts.data_collector - INFO - Authentication successful (OAuth1.0a and OAuth2.0 initialized)
2025-09-17 21:37:53,369 - __main__ - INFO - Collecting raw data for technology (count=200)
2025-09-17 21:37:53,370 - scripts.data_collector - INFO - Starting data collection for topic: technology
2025-09-17 21:37:53,370 - tweepy.client - WARNING - Unexpected parameter: wait_on_rate_limit
2025-09-17 21:37:53,626 - scripts.data_collector - ERROR - Error collecting tweets for query '#AI OR #MachineLearning OR #TechNews': 400 Bad Request
The query parameter [wait_on_rate_limit] is not one of [query,start_time,end_time,since_id,until_id,max_results,next_token,pagination_token,sort_order,expansions,tweet.fields,media.fields,poll.fields,place.fields,user.fields]
2025-09-17 21:37:53,626 - tweepy.client - WARNING - Unexpected parameter: wait_on_rate_limit
2025-09-17 21:37:53,836 - scripts.data_collector - WARNING - Rate limit hit for 'technology' on query 'artificial intelligence lang:en'. Skipping remaining queries.
2025-09-17 21:37:53,860 - scripts.data_collector - INFO - No tweets collected for topic: technology
2025-09-17 21:37:53,860 - __main__ - WARNING - No tweets collected for technology
2025-09-17 21:37:53,860 - __main__ - INFO - Collecting raw data for stock_market (count=150)
2025-09-17 21:37:53,860 - scripts.data_collector - INFO - Starting data collection for topic: stock_market
2025-09-17 21:37:53,860 - tweepy.client - WARNING - Unexpected parameter: wait_on_rate_limit
2025-09-17 21:37:54,079 - scripts.data_collector - WARNING - Rate limit hit for 'stock_market' on query '#StockMarket OR #Trading OR #Investing'. Skipping remaining queries.
2025-09-17 21:37:54,079 - scripts.data_collector - INFO - No tweets collected for topic: stock_market
2025-09-17 21:37:54,080 - __main__ - WARNING - No tweets collected for stock_market
2025-09-17 21:37:54,080 - __main__ - INFO - Collecting raw data for sports (count=250)
2025-09-17 21:37:54,080 - scripts.data_collector - INFO - Starting data collection for topic: sports
2025-09-17 21:37:54,080 - tweepy.client - WARNING - Unexpected parameter: wait_on_rate_limit
2025-09-17 21:37:54,296 - scripts.data_collector - WARNING - Rate limit hit for 'sports' on query '#Sports OR #Football OR #Basketball'. Skipping remaining queries.
2025-09-17 21:37:54,297 - scripts.data_collector - INFO - No tweets collected for topic: sports
2025-09-17 21:37:54,297 - __main__ - WARNING - No tweets collected for sports
2025-09-17 21:37:54,297 - __main__ - INFO - Pipeline complete
2025-09-17 21:40:15,693 - __main__ - INFO - Starting Twitter data collection and processing workflow
2025-09-17 21:40:15,694 - scripts.data_collector - INFO - Authentication successful (OAuth1.0a and OAuth2.0 initialized)
2025-09-17 21:40:15,695 - __main__ - INFO - Collecting raw data for technology (count=200)
2025-09-17 21:40:15,695 - scripts.data_collector - INFO - Starting data collection for topic: technology
2025-09-17 21:40:15,695 - tweepy.client - WARNING - Unexpected parameter: wait_on_rate_limit
2025-09-17 21:40:16,028 - scripts.data_collector - WARNING - Rate limit hit for 'technology' on query '#AI OR #MachineLearning OR #TechNews'. Skipping remaining queries.
2025-09-17 21:40:16,029 - scripts.data_collector - INFO - No tweets collected for topic: technology
2025-09-17 21:40:16,029 - __main__ - WARNING - No tweets collected for technology
2025-09-17 21:40:16,029 - __main__ - INFO - Collecting raw data for stock_market (count=150)
2025-09-17 21:40:16,029 - scripts.data_collector - INFO - Starting data collection for topic: stock_market
2025-09-17 21:40:16,029 - tweepy.client - WARNING - Unexpected parameter: wait_on_rate_limit
2025-09-17 21:40:16,269 - scripts.data_collector - WARNING - Rate limit hit for 'stock_market' on query '#StockMarket OR #Trading OR #Investing'. Skipping remaining queries.
2025-09-17 21:40:16,285 - scripts.data_collector - INFO - No tweets collected for topic: stock_market
2025-09-17 21:40:16,285 - __main__ - WARNING - No tweets collected for stock_market
2025-09-17 21:40:16,286 - __main__ - INFO - Collecting raw data for sports (count=250)
2025-09-17 21:40:16,286 - scripts.data_collector - INFO - Starting data collection for topic: sports
2025-09-17 21:40:16,286 - tweepy.client - WARNING - Unexpected parameter: wait_on_rate_limit
2025-09-17 21:40:16,493 - scripts.data_collector - WARNING - Rate limit hit for 'sports' on query '#Sports OR #Football OR #Basketball'. Skipping remaining queries.
2025-09-17 21:40:16,493 - scripts.data_collector - INFO - No tweets collected for topic: sports
2025-09-17 21:40:16,493 - __main__ - WARNING - No tweets collected for sports
2025-09-17 21:40:16,493 - __main__ - INFO - Pipeline complete
2025-09-17 21:42:07,019 - __main__ - INFO - Starting Twitter data collection and processing workflow
2025-09-17 21:42:07,020 - scripts.data_collector - INFO - Authentication successful (OAuth1.0a and OAuth2.0 initialized)
2025-09-17 21:42:07,020 - __main__ - INFO - Collecting raw data for technology (count=200)
2025-09-17 21:42:07,020 - scripts.data_collector - INFO - Starting data collection for topic: technology
2025-09-17 21:42:07,280 - scripts.data_collector - WARNING - Rate limit hit for 'technology' on query '#AI OR #MachineLearning OR #TechNews'. Skipping remaining queries.
2025-09-17 21:42:07,281 - scripts.data_collector - INFO - No tweets collected for topic: technology
2025-09-17 21:42:07,281 - __main__ - WARNING - No tweets collected for technology
2025-09-17 21:42:07,281 - __main__ - INFO - Collecting raw data for stock_market (count=150)
2025-09-17 21:42:07,281 - scripts.data_collector - INFO - Starting data collection for topic: stock_market
2025-09-17 21:42:07,489 - scripts.data_collector - WARNING - Rate limit hit for 'stock_market' on query '#StockMarket OR #Trading OR #Investing'. Skipping remaining queries.
2025-09-17 21:42:07,489 - scripts.data_collector - INFO - No tweets collected for topic: stock_market
2025-09-17 21:42:07,489 - __main__ - WARNING - No tweets collected for stock_market
2025-09-17 21:42:07,489 - __main__ - INFO - Collecting raw data for sports (count=250)
2025-09-17 21:42:07,489 - scripts.data_collector - INFO - Starting data collection for topic: sports
2025-09-17 21:42:07,693 - scripts.data_collector - WARNING - Rate limit hit for 'sports' on query '#Sports OR #Football OR #Basketball'. Skipping remaining queries.
2025-09-17 21:42:07,693 - scripts.data_collector - INFO - No tweets collected for topic: sports
2025-09-17 21:42:07,693 - __main__ - WARNING - No tweets collected for sports
2025-09-17 21:42:07,694 - __main__ - INFO - Pipeline complete
2025-09-17 21:48:26,628 - __main__ - INFO - Starting Twitter data collection and processing workflow
2025-09-17 21:48:26,628 - scripts.data_collector - INFO - Authentication successful (OAuth1.0a and OAuth2.0 initialized)
2025-09-17 21:48:26,628 - __main__ - INFO - Collecting raw data for technology (count=5)
2025-09-17 21:48:26,630 - scripts.data_collector - INFO - Starting data collection for topic: technology
2025-09-17 21:48:26,895 - scripts.data_collector - WARNING - Rate limit hit for 'technology' on query '#AI OR #MachineLearning OR #TechNews'. Skipping remaining queries.
2025-09-17 21:48:26,896 - scripts.data_collector - INFO - No tweets collected for topic: technology
2025-09-17 21:48:26,896 - __main__ - WARNING - No tweets collected for technology
2025-09-17 21:48:26,896 - __main__ - INFO - Collecting raw data for stock_market (count=10)
2025-09-17 21:48:26,896 - scripts.data_collector - INFO - Starting data collection for topic: stock_market
2025-09-17 21:48:27,098 - scripts.data_collector - WARNING - Rate limit hit for 'stock_market' on query '#StockMarket OR #Trading OR #Investing'. Skipping remaining queries.
2025-09-17 21:48:27,100 - scripts.data_collector - INFO - No tweets collected for topic: stock_market
2025-09-17 21:48:27,100 - __main__ - WARNING - No tweets collected for stock_market
2025-09-17 21:48:27,100 - __main__ - INFO - Collecting raw data for sports (count=5)
2025-09-17 21:48:27,100 - scripts.data_collector - INFO - Starting data collection for topic: sports
2025-09-17 21:48:27,307 - scripts.data_collector - WARNING - Rate limit hit for 'sports' on query '#Sports OR #Football OR #Basketball'. Skipping remaining queries.
2025-09-17 21:48:27,308 - scripts.data_collector - INFO - No tweets collected for topic: sports
2025-09-17 21:48:27,308 - __main__ - WARNING - No tweets collected for sports
2025-09-17 21:48:27,308 - __main__ - INFO - Pipeline complete
2025-09-17 21:51:19,394 - __main__ - INFO - Starting Twitter data collection and processing workflow
2025-09-17 21:51:19,395 - scripts.data_collector - INFO - Authentication successful (OAuth1.0a and OAuth2.0 initialized)
2025-09-17 21:51:19,396 - __main__ - INFO - Collecting raw data for technology (count=5)
2025-09-17 21:51:19,396 - scripts.data_collector - INFO - Starting data collection for topic: technology
2025-09-17 21:51:19,681 - tweepy.client - WARNING - Rate limit exceeded. Sleeping for 95 seconds.
2025-09-17 21:56:14,069 - __main__ - INFO - Starting Twitter data collection and processing workflow
2025-09-17 21:56:14,069 - scripts.data_collector - INFO - Authentication successful (OAuth1.0a and OAuth2.0 initialized)
2025-09-17 21:56:14,070 - __main__ - INFO - Collecting raw data for technology (count=5)
2025-09-17 21:56:14,070 - scripts.data_collector - INFO - Starting data collection for topic: technology
2025-09-17 21:56:14,320 - scripts.data_collector - ERROR - Error collecting tweets for query '#AI OR #MachineLearning OR #TechNews': 400 Bad Request
The `max_results` query parameter value [1] is not between 10 and 100
2025-09-17 21:56:14,527 - scripts.data_collector - WARNING - Rate limit hit for 'technology' on query 'artificial intelligence lang:en'. Skipping remaining queries.
2025-09-17 21:56:14,528 - scripts.data_collector - INFO - No tweets collected for topic: technology
2025-09-17 21:56:14,528 - __main__ - WARNING - No tweets collected for technology
2025-09-17 21:56:14,528 - __main__ - INFO - Collecting raw data for stock_market (count=10)
2025-09-17 21:56:14,528 - scripts.data_collector - INFO - Starting data collection for topic: stock_market
2025-09-17 21:56:14,736 - scripts.data_collector - WARNING - Rate limit hit for 'stock_market' on query '#StockMarket OR #Trading OR #Investing'. Skipping remaining queries.
2025-09-17 21:56:14,736 - scripts.data_collector - INFO - No tweets collected for topic: stock_market
2025-09-17 21:56:14,736 - __main__ - WARNING - No tweets collected for stock_market
2025-09-17 21:56:14,736 - __main__ - INFO - Collecting raw data for sports (count=5)
2025-09-17 21:56:14,737 - scripts.data_collector - INFO - Starting data collection for topic: sports
2025-09-17 21:56:14,943 - scripts.data_collector - WARNING - Rate limit hit for 'sports' on query '#Sports OR #Football OR #Basketball'. Skipping remaining queries.
2025-09-17 21:56:14,944 - scripts.data_collector - INFO - No tweets collected for topic: sports
2025-09-17 21:56:14,944 - __main__ - WARNING - No tweets collected for sports
2025-09-17 21:56:14,944 - __main__ - INFO - Pipeline complete
2025-09-17 22:00:23,697 - __main__ - INFO - Starting Twitter data collection and processing workflow
2025-09-17 22:00:23,698 - scripts.data_collector - INFO - Authentication successful (OAuth1.0a and OAuth2.0 initialized)
2025-09-17 22:00:23,698 - __main__ - INFO - Collecting raw data for technology (count=5)
2025-09-17 22:00:23,698 - scripts.data_collector - INFO - Starting data collection for topic: technology
2025-09-17 22:00:23,960 - scripts.data_collector - WARNING - Rate limit hit for 'technology' on query '#AI OR #MachineLearning OR #TechNews'. Skipping remaining queries.
2025-09-17 22:00:23,962 - scripts.data_collector - INFO - No tweets collected for topic: technology
2025-09-17 22:00:23,962 - __main__ - WARNING - No tweets collected for technology
2025-09-17 22:00:23,962 - __main__ - INFO - Collecting raw data for stock_market (count=10)
2025-09-17 22:00:23,962 - scripts.data_collector - INFO - Starting data collection for topic: stock_market
2025-09-17 22:00:24,166 - scripts.data_collector - WARNING - Rate limit hit for 'stock_market' on query '#StockMarket OR #Trading OR #Investing'. Skipping remaining queries.
2025-09-17 22:00:24,167 - scripts.data_collector - INFO - No tweets collected for topic: stock_market
2025-09-17 22:00:24,167 - __main__ - WARNING - No tweets collected for stock_market
2025-09-17 22:00:24,167 - __main__ - INFO - Collecting raw data for sports (count=5)
2025-09-17 22:00:24,167 - scripts.data_collector - INFO - Starting data collection for topic: sports
2025-09-17 22:00:24,373 - scripts.data_collector - WARNING - Rate limit hit for 'sports' on query '#Sports OR #Football OR #Basketball'. Skipping remaining queries.
2025-09-17 22:00:24,373 - scripts.data_collector - INFO - No tweets collected for topic: sports
2025-09-17 22:00:24,374 - __main__ - WARNING - No tweets collected for sports
2025-09-17 22:00:24,374 - __main__ - INFO - Pipeline complete
2025-09-17 22:01:33,767 - __main__ - INFO - Starting Twitter data collection and processing workflow
2025-09-17 22:01:33,767 - scripts.data_collector - ERROR - Twitter API authentication failed: BaseClient.__init__() got an unexpected keyword argument 'watt_on_rate_limit'
2025-09-17 22:02:03,172 - __main__ - INFO - Starting Twitter data collection and processing workflow
2025-09-17 22:02:03,172 - scripts.data_collector - INFO - Authentication successful (OAuth1.0a and OAuth2.0 initialized)
2025-09-17 22:02:03,172 - __main__ - INFO - Collecting raw data for technology (count=5)
2025-09-17 22:02:03,172 - scripts.data_collector - INFO - Starting data collection for topic: technology
2025-09-17 22:02:03,428 - tweepy.client - WARNING - Rate limit exceeded. Sleeping for 552 seconds.
